<?xml version="1.0" encoding="UTF-8"?>
<!-- Generated by org.testng.reporters.JUnitReportReporter -->
<testsuite hostname="DESKTOP-4ENR57E" failures="0" tests="1" name="responseValidation.StatusCodeAndStatusStringValidation" time="16.152" errors="0" timestamp="2024-11-26T19:39:49 IST" skipped="0">
  <testcase classname="responseValidation.StatusCodeAndStatusStringValidation" name="statusCodeAndStatusStringValidation" time="16.152"/>
</testsuite> <!-- responseValidation.StatusCodeAndStatusStringValidation -->
