<?xml version="1.0" encoding="UTF-8"?>
<!-- Generated by org.testng.reporters.JUnitReportReporter -->
<testsuite hostname="DESKTOP-4ENR57E" failures="0" tests="1" name="responseValidation.HeaderValidation" time="3.041" errors="0" timestamp="2024-11-27T12:42:03 IST" skipped="0">
  <testcase classname="responseValidation.HeaderValidation" name="responseTimeCapturing" time="3.041"/>
</testsuite> <!-- responseValidation.HeaderValidation -->
