<?xml version="1.0" encoding="UTF-8"?>
<!-- Generated by org.testng.reporters.JUnitReportReporter -->
<testsuite hostname="DESKTOP-4ENR57E" failures="0" tests="1" name="api.payload.RequestBodyByMethodForRequesterUsingJSONPayload" time="15.177" errors="0" timestamp="2024-11-15T20:06:22 IST" skipped="0">
  <testcase classname="api.payload.RequestBodyByMethodForRequesterUsingJSONPayload" name="createUserTest" time="15.177"/>
</testsuite> <!-- api.payload.RequestBodyByMethodForRequesterUsingJSONPayload -->
