<?xml version="1.0" encoding="UTF-8"?>
<!-- Generated by org.testng.reporters.JUnitReportReporter -->
<testsuite hostname="DESKTOP-4ENR57E" failures="0" tests="1" name="responseValidation.StatusCodeAndStatusStringValidationAtSingleLine" time="3.396" errors="0" timestamp="2024-11-27T13:04:51 IST" skipped="0">
  <testcase classname="responseValidation.StatusCodeAndStatusStringValidationAtSingleLine" name="statusCodeAndStatusStringValidationAtSingleLine" time="3.396"/>
</testsuite> <!-- responseValidation.StatusCodeAndStatusStringValidationAtSingleLine -->
