<?xml version="1.0" encoding="UTF-8"?>
<!-- Generated by org.testng.reporters.JUnitReportReporter -->
<testsuite hostname="DESKTOP-4ENR57E" failures="0" tests="1" name="com.restassure.basic.with.bdd.statickey.RestAssureWithBDDTest2" time="12.372" errors="0" timestamp="2024-11-14T20:33:15 IST" skipped="0">
  <testcase classname="com.restassure.basic.with.bdd.statickey.RestAssureWithBDDTest2" name="createUserTest" time="12.372"/>
</testsuite> <!-- com.restassure.basic.with.bdd.statickey.RestAssureWithBDDTest2 -->
