<?xml version="1.0" encoding="UTF-8"?>
<!-- Generated by org.testng.reporters.JUnitReportReporter -->
<testsuite hostname="DESKTOP-4ENR57E" failures="0" tests="1" name="responseValidation.ResponseTimeValidation" time="9.239" errors="0" timestamp="2024-11-26T19:52:02 IST" skipped="0">
  <testcase classname="responseValidation.ResponseTimeValidation" name="statusCodeAndStatusStringValidationWithExactMatch" time="9.239"/>
</testsuite> <!-- responseValidation.ResponseTimeValidation -->
