<?xml version="1.0" encoding="UTF-8"?>
<!-- Generated by org.testng.reporters.JUnitReportReporter -->
<testsuite hostname="DESKTOP-4ENR57E" failures="0" tests="1" name="responseValidation.ResponseTimeCapturing" time="4.611" errors="0" timestamp="2024-11-26T20:38:18 IST" skipped="0">
  <testcase classname="responseValidation.ResponseTimeCapturing" name="responseTimeCapturing" time="4.611"/>
</testsuite> <!-- responseValidation.ResponseTimeCapturing -->
