<?xml version="1.0" encoding="UTF-8"?>
<!-- Generated by org.testng.reporters.JUnitReportReporter -->
<testsuite hostname="DESKTOP-4ENR57E" failures="0" tests="1" name="responseValidation.ResponseTimeValidationGreaterThan" time="22.251" errors="0" timestamp="2024-11-26T19:54:47 IST" skipped="0">
  <testcase classname="responseValidation.ResponseTimeValidationGreaterThan" name="responseTimeValidationLessthen" time="22.251"/>
</testsuite> <!-- responseValidation.ResponseTimeValidationGreaterThan -->
