<?xml version="1.0" encoding="UTF-8"?>
<!-- Generated by org.testng.reporters.JUnitReportReporter -->
<testsuite hostname="DESKTOP-4ENR57E" failures="0" tests="1" name="api.payload.RequestBodyByHashMap" time="25.861" errors="0" timestamp="2024-11-15T21:17:11 IST" skipped="0">
  <testcase classname="api.payload.RequestBodyByHashMap" name="requestBodyBtHashMapTest" time="25.861"/>
</testsuite> <!-- api.payload.RequestBodyByHashMap -->
