<?xml version="1.0" encoding="UTF-8"?>
<!-- Generated by org.testng.reporters.JUnitReportReporter -->
<testsuite hostname="DESKTOP-4ENR57E" failures="0" tests="1" name="com.restassure.basic.with.bdd.statickey.petstore.PetTest" time="41.393" errors="0" timestamp="2024-11-14T21:00:15 IST" skipped="0">
  <testcase classname="com.restassure.basic.with.bdd.statickey.petstore.PetTest" name="createPetTest" time="41.393"/>
</testsuite> <!-- com.restassure.basic.with.bdd.statickey.petstore.PetTest -->
