<?xml version="1.0" encoding="UTF-8"?>
<!-- Generated by org.testng.reporters.JUnitReportReporter -->
<testsuite hostname="DESKTOP-4ENR57E" failures="0" tests="1" name="com.restassure.basic.with.bdd.RestAssureWithBDDTest" time="38.624" errors="0" timestamp="2024-11-13T19:39:35 IST" skipped="0">
  <testcase classname="com.restassure.basic.with.bdd.RestAssureWithBDDTest" name="apiAutomationWithBDDTest" time="38.624"/>
</testsuite> <!-- com.restassure.basic.with.bdd.RestAssureWithBDDTest -->
