<?xml version="1.0" encoding="UTF-8"?>
<!-- Generated by org.testng.reporters.JUnitReportReporter -->
<testsuite hostname="DESKTOP-4ENR57E" failures="0" tests="1" name="api.payload.RequestBodyByMethod" time="33.906" errors="0" timestamp="2024-11-14T21:02:41 IST" skipped="0">
  <testcase classname="api.payload.RequestBodyByMethod" name="createPetTest" time="33.906"/>
</testsuite> <!-- api.payload.RequestBodyByMethod -->
