<?xml version="1.0" encoding="UTF-8"?>
<!-- Generated by org.testng.reporters.JUnitReportReporter -->
<testsuite hostname="DESKTOP-4ENR57E" failures="0" tests="1" name="com.restassure.basic.without.bdd.RestAssureWithoutBDD" time="23.655" errors="0" timestamp="2024-11-12T20:17:15 IST" skipped="0">
  <testcase classname="com.restassure.basic.without.bdd.RestAssureWithoutBDD" name="apiAutomationWithoutBDD" time="23.655"/>
</testsuite> <!-- com.restassure.basic.without.bdd.RestAssureWithoutBDD -->
