<?xml version="1.0" encoding="UTF-8"?>
<!-- Generated by org.testng.reporters.JUnitReportReporter -->
<testsuite hostname="DESKTOP-4ENR57E" failures="0" tests="1" name="api.payload.RequestBodyByMethodForPetStoreUsingJSONPayload" time="19.716" errors="0" timestamp="2024-11-15T20:39:31 IST" skipped="0">
  <testcase classname="api.payload.RequestBodyByMethodForPetStoreUsingJSONPayload" name="createUserTest" time="19.716"/>
</testsuite> <!-- api.payload.RequestBodyByMethodForPetStoreUsingJSONPayload -->
