<?xml version="1.0" encoding="UTF-8"?>
<!-- Generated by org.testng.reporters.JUnitReportReporter -->
<testsuite hostname="DESKTOP-4ENR57E" failures="0" tests="1" name="com.restassure.basic.without.bdd.RestAssureWithoutBDDExample4" time="83.936" errors="0" timestamp="2024-11-12T20:41:09 IST" skipped="0">
  <testcase classname="com.restassure.basic.without.bdd.RestAssureWithoutBDDExample4" name="apiAutomationWithoutBDD" time="83.936"/>
</testsuite> <!-- com.restassure.basic.without.bdd.RestAssureWithoutBDDExample4 -->
